<?xml version="1.0" encoding="UTF-8"?>
<coverage generated="1763045261597" clover="3.2.0">
  <project timestamp="1763045261597" name="All files">
    <metrics statements="5" coveredstatements="5" conditionals="0" coveredconditionals="0" methods="2" coveredmethods="2" elements="7" coveredelements="7" complexity="0" loc="5" ncloc="5" packages="1" files="2" classes="2"/>
    <file name="euclidean.ts" path="/Users/lpatiny/git/mljs/distance-euclidean/src/euclidean.ts">
      <metrics statements="5" coveredstatements="5" conditionals="0" coveredconditionals="0" methods="2" coveredmethods="2"/>
      <line num="9" count="6" type="stmt"/>
      <line num="10" count="6" type="stmt"/>
      <line num="11" count="30" type="stmt"/>
      <line num="13" count="6" type="stmt"/>
      <line num="23" count="3" type="stmt"/>
    </file>
    <file name="index.ts" path="/Users/lpatiny/git/mljs/distance-euclidean/src/index.ts">
      <metrics statements="0" coveredstatements="0" conditionals="0" coveredconditionals="0" methods="0" coveredmethods="0"/>
    </file>
  </project>
</coverage>
