{"/Users/lpatiny/git/mljs/distance-euclidean/src/euclidean.ts": {"path":"/Users/lpatiny/git/mljs/distance-euclidean/src/euclidean.ts","statementMap":{"0":{"start":{"line":9,"column":10},"end":{"line":9,"column":null}},"1":{"start":{"line":10,"column":2},"end":{"line":12,"column":null}},"2":{"start":{"line":10,"column":15},"end":{"line":10,"column":18}},"3":{"start":{"line":11,"column":4},"end":{"line":11,"column":null}},"4":{"start":{"line":13,"column":2},"end":{"line":13,"column":null}},"5":{"start":{"line":23,"column":2},"end":{"line":23,"column":null}}},"fnMap":{"0":{"name":"squaredEuclidean","decl":{"start":{"line":8,"column":16},"end":{"line":8,"column":33}},"loc":{"start":{"line":8,"column":59},"end":{"line":14,"column":null}},"line":8},"1":{"name":"euclidean","decl":{"start":{"line":22,"column":16},"end":{"line":22,"column":26}},"loc":{"start":{"line":22,"column":52},"end":{"line":24,"column":null}},"line":22}},"branchMap":{},"s":{"0":6,"1":6,"2":6,"3":30,"4":6,"5":3},"f":{"0":6,"1":3},"b":{},"meta":{"lastBranch":0,"lastFunction":2,"lastStatement":6,"seen":{"f:8:16:8:33":0,"s:9:10:9:Infinity":0,"s:10:2:12:Infinity":1,"s:10:15:10:18":2,"s:11:4:11:Infinity":3,"s:13:2:13:Infinity":4,"f:22:16:22:26":1,"s:23:2:23:Infinity":5}}}
,"/Users/lpatiny/git/mljs/distance-euclidean/src/index.ts": {"path":"/Users/lpatiny/git/mljs/distance-euclidean/src/index.ts","statementMap":{},"fnMap":{},"branchMap":{},"s":{},"f":{},"b":{},"meta":{"lastBranch":0,"lastFunction":0,"lastStatement":0,"seen":{}}}
}
